<?xml version="1.0" encoding="UTF-8"?>
<!-- Generated by org.testng.reporters.JUnitReportReporter -->
<testsuite skipped="0" hostname="LAPTOP-UHFNO702" name="test.LoginTest" tests="1" failures="0" timestamp="2020-10-21T16:22:36 EDT" time="7.127" errors="0">
  <testcase name="userWithValidCredentialsShouldBeAbleToLogin" time="7.127" classname="test.LoginTest"/>
  <system-out/>
</testsuite> <!-- test.LoginTest -->
